[0m21:39:44.163345 [debug] [MainThread]: Sending event: {'category': 'dbt', 'action': 'invocation', 'label': 'start', 'context': [<snowplow_tracker.self_describing_json.SelfDescribingJson object at 0x000002BCB7C4ABA0>, <snowplow_tracker.self_describing_json.SelfDescribingJson object at 0x000002BCBA479F90>, <snowplow_tracker.self_describing_json.SelfDescribingJson object at 0x000002BCBA47A710>]}


============================== 21:39:44.169337 | d9b2686e-bdfd-46a0-bf33-087c1b26fca3 ==============================
[0m21:39:44.169337 [info ] [MainThread]: Running with dbt=1.5.11
[0m21:39:44.170314 [debug] [MainThread]: running dbt with arguments {'printer_width': '80', 'indirect_selection': 'eager', 'write_json': 'True', 'log_cache_events': 'False', 'partial_parse': 'True', 'cache_selected_only': 'False', 'profiles_dir': 'C:\\Users\\sabadmin\\.dbt', 'fail_fast': 'False', 'warn_error': 'None', 'log_path': 'logs', 'version_check': 'True', 'debug': 'False', 'use_colors': 'True', 'use_experimental_parser': 'False', 'no_print': 'None', 'quiet': 'False', 'warn_error_options': 'WarnErrorOptions(include=[], exclude=[])', 'introspect': 'True', 'static_parser': 'True', 'log_format': 'default', 'target_path': 'None', 'send_anonymous_usage_stats': 'True'}
[0m21:39:44.171273 [warn ] [MainThread]: [ConfigFolderDirectory]: Unable to parse dict {'dir': WindowsPath('C:/Users/sabadmin/.dbt')}
[0m21:39:44.171785 [info ] [MainThread]: Creating dbt configuration folder at 
[0m21:40:08.460401 [debug] [MainThread]: Starter project path: c:\Dev_Project\dbt_learn\.venv\Lib\site-packages\dbt\include\starter_project
[0m21:40:19.851723 [info ] [MainThread]: Profile dbt_tutorial written to C:\Users\sabadmin\.dbt\profiles.yml using target's sample configuration. Once updated, you'll be able to start developing with dbt.
[0m21:40:19.852787 [info ] [MainThread]: 
Your new dbt project "dbt_tutorial" was created!

For more information on how to configure the profiles.yml file,
please consult the dbt documentation here:

  https://docs.getdbt.com/docs/configure-your-profile

One more thing:

Need help? Don't hesitate to reach out to us via GitHub issues or on Slack:

  https://community.getdbt.com/

Happy modeling!

[0m21:40:19.853550 [debug] [MainThread]: Command `dbt init` succeeded at 21:40:19.853430 after 35.73 seconds
[0m21:40:19.853853 [debug] [MainThread]: Sending event: {'category': 'dbt', 'action': 'invocation', 'label': 'end', 'context': [<snowplow_tracker.self_describing_json.SelfDescribingJson object at 0x000002BCB3C0D6E0>, <snowplow_tracker.self_describing_json.SelfDescribingJson object at 0x000002BCB3B91EB0>, <snowplow_tracker.self_describing_json.SelfDescribingJson object at 0x000002BCBA4ACE20>]}
[0m21:40:19.854200 [debug] [MainThread]: Flushing usage events
[0m21:46:09.755232 [debug] [MainThread]: Got an exception trying to initialize tracking


============================== 21:46:09.799363 | 52d599d6-38fb-44e0-9918-c31591863309 ==============================
[0m21:46:09.799363 [info ] [MainThread]: Running with dbt=1.5.11
[0m21:46:09.800197 [debug] [MainThread]: running dbt with arguments {'printer_width': '80', 'indirect_selection': 'eager', 'log_cache_events': 'False', 'write_json': 'True', 'partial_parse': 'True', 'cache_selected_only': 'False', 'profiles_dir': 'C:\\Users\\sabadmin\\.dbt', 'fail_fast': 'False', 'debug': 'False', 'log_path': 'logs', 'warn_error': 'None', 'version_check': 'True', 'use_colors': 'True', 'use_experimental_parser': 'False', 'no_print': 'None', 'quiet': 'False', 'log_format': 'default', 'introspect': 'True', 'static_parser': 'True', 'warn_error_options': 'WarnErrorOptions(include=[], exclude=[])', 'target_path': 'None', 'send_anonymous_usage_stats': 'True'}
[0m21:46:09.800623 [info ] [MainThread]: dbt version: 1.5.11
[0m21:46:09.801088 [info ] [MainThread]: python version: 3.13.7
[0m21:46:09.801540 [info ] [MainThread]: python path: c:\Dev_Project\dbt_learn\.venv\Scripts\python.exe
[0m21:46:09.802042 [info ] [MainThread]: os info: Windows-11-10.0.26100-SP0
[0m21:46:09.802541 [info ] [MainThread]: Using profiles.yml file at C:\Users\sabadmin\.dbt\profiles.yml
[0m21:46:09.803040 [info ] [MainThread]: Using dbt_project.yml file at C:\Dev_Project\dbt_learn\dbt_project.yml
[0m21:46:09.803509 [info ] [MainThread]: Configuration:
[0m21:46:09.859850 [info ] [MainThread]:   profiles.yml file [[31mERROR invalid[0m]
[0m21:46:09.860626 [info ] [MainThread]:   dbt_project.yml file [[31mERROR not found[0m]
[0m21:46:09.861252 [info ] [MainThread]: Required dependencies:
[0m21:46:09.861671 [debug] [MainThread]: Executing "git --help"
[0m21:46:09.919006 [debug] [MainThread]: STDOUT: "b"usage: git [-v | --version] [-h | --help] [-C <path>] [-c <name>=<value>]\n           [--exec-path[=<path>]] [--html-path] [--man-path] [--info-path]\n           [-p | --paginate | -P | --no-pager] [--no-replace-objects] [--bare]\n           [--git-dir=<path>] [--work-tree=<path>] [--namespace=<name>]\n           [--config-env=<name>=<envvar>] <command> [<args>]\n\nThese are common Git commands used in various situations:\n\nstart a working area (see also: git help tutorial)\n   clone     Clone a repository into a new directory\n   init      Create an empty Git repository or reinitialize an existing one\n\nwork on the current change (see also: git help everyday)\n   add       Add file contents to the index\n   mv        Move or rename a file, a directory, or a symlink\n   restore   Restore working tree files\n   rm        Remove files from the working tree and from the index\n\nexamine the history and state (see also: git help revisions)\n   bisect    Use binary search to find the commit that introduced a bug\n   diff      Show changes between commits, commit and working tree, etc\n   grep      Print lines matching a pattern\n   log       Show commit logs\n   show      Show various types of objects\n   status    Show the working tree status\n\ngrow, mark and tweak your common history\n   branch    List, create, or delete branches\n   commit    Record changes to the repository\n   merge     Join two or more development histories together\n   rebase    Reapply commits on top of another base tip\n   reset     Reset current HEAD to the specified state\n   switch    Switch branches\n   tag       Create, list, delete or verify a tag object signed with GPG\n\ncollaborate (see also: git help workflows)\n   fetch     Download objects and refs from another repository\n   pull      Fetch from and integrate with another repository or a local branch\n   push      Update remote refs along with associated objects\n\n'git help -a' and 'git help -g' list available subcommands and some\nconcept guides. See 'git help <command>' or 'git help <concept>'\nto read about a specific subcommand or concept.\nSee 'git help git' for an overview of the system.\n""
[0m21:46:09.919660 [debug] [MainThread]: STDERR: "b''"
[0m21:46:09.920173 [info ] [MainThread]:  - git [[32mOK found[0m]

[0m21:46:09.920830 [info ] [MainThread]: [31m2 checks failed:[0m
[0m21:46:09.921476 [info ] [MainThread]: Could not load dbt_project.yml

[0m21:46:09.922122 [info ] [MainThread]: Profile loading failed for the following reason:
Runtime Error
  Credentials in profile "dbt_tutorial", target "dev" invalid: ['dbname'] is not of type 'string'


[0m21:46:09.923240 [debug] [MainThread]: Command `dbt debug` failed at 21:46:09.923044 after 0.18 seconds
[0m21:46:09.923697 [debug] [MainThread]: Flushing usage events
